c:\users\vanyu\onedrive\документы\github\proc_timp\debug\vc142.pdb
c:\users\vanyu\onedrive\документы\github\proc_timp\debug\vc142.idb
c:\users\vanyu\onedrive\документы\github\proc_timp\debug\tree.obj
c:\users\vanyu\onedrive\документы\github\proc_timp\debug\timp1_proc.obj
c:\users\vanyu\onedrive\документы\github\proc_timp\debug\plant.obj
c:\users\vanyu\onedrive\документы\github\proc_timp\debug\flower.obj
c:\users\vanyu\onedrive\документы\github\proc_timp\debug\container.obj
c:\users\vanyu\onedrive\документы\github\proc_timp\debug\bush.obj
c:\users\shele\documents\github\timp_proc\debug\timp1_proc.exe
c:\users\shele\documents\github\timp_proc\debug\timp1_proc.ilk
c:\users\shele\documents\github\timp_proc\debug\timp1_proc.pdb
c:\users\vanyu\onedrive\документы\github\proc_timp\debug\timp1_proc.ilk
c:\users\vanyu\onedrive\документы\github\proc_timp\debug\timp1_proc.exe
c:\users\vanyu\onedrive\документы\github\proc_timp\debug\timp1_proc.pdb
c:\users\vanyu\onedrive\документы\github\proc_timp\debug\timp1_oop.obj
c:\users\vanyu\onedrive\документы\github\proc_timp\debug\timp1_oop.ilk
c:\users\vanyu\onedrive\документы\github\proc_timp\debug\unittest2.ilk
c:\users\vanyu\onedrive\документы\github\proc_timp\debug\unittest2.exp
c:\users\vanyu\onedrive\документы\github\proc_timp\debug\timp1_oop.pdb
c:\users\vanyu\onedrive\документы\github\proc_timp\debug\unittest2.pdb
c:\users\vanyu\onedrive\документы\github\proc_timp\debug\timp1_proc.tlog\cl.command.1.tlog
c:\users\vanyu\onedrive\документы\github\proc_timp\debug\timp1_proc.tlog\cl.read.1.tlog
c:\users\vanyu\onedrive\документы\github\proc_timp\debug\timp1_proc.tlog\cl.write.1.tlog
c:\users\vanyu\onedrive\документы\github\proc_timp\debug\timp1_proc.tlog\link.command.1.tlog
c:\users\vanyu\onedrive\документы\github\proc_timp\debug\timp1_proc.tlog\link.read.1.tlog
c:\users\vanyu\onedrive\документы\github\proc_timp\debug\timp1_proc.tlog\link.write.1.tlog
